C:\USERS\MTC\DESKTOP\PETNER_PROJECT(진행중)\DEBUG\PETNER_PROJECT.EXE
C:\USERS\MTC\DESKTOP\PETNER_PROJECT(진행중)\DEBUG\PETNER_PROJECT.EXE.MANIFEST
C:\USERS\MTC\DESKTOP\PETNER_PROJECT(진행중)\DEBUG\PETNER_PROJECT.ILK
C:\USERS\MTC\DESKTOP\PETNER_PROJECT(진행중)\DEBUG\PETNER_PROJECT.PDB
C:\Users\MTC\Desktop\PETNER_project(진행중)\PETNER_project\Debug\cl.command.1.tlog
C:\Users\MTC\Desktop\PETNER_project(진행중)\PETNER_project\Debug\CL.read.1.tlog
C:\Users\MTC\Desktop\PETNER_project(진행중)\PETNER_project\Debug\CL.write.1.tlog
C:\Users\MTC\Desktop\PETNER_project(진행중)\PETNER_project\Debug\link.1732.read.1.tlog
C:\Users\MTC\Desktop\PETNER_project(진행중)\PETNER_project\Debug\link.1732.write.1.tlog
C:\Users\MTC\Desktop\PETNER_project(진행중)\PETNER_project\Debug\link.command.1.tlog
C:\Users\MTC\Desktop\PETNER_project(진행중)\PETNER_project\Debug\link.read.1.tlog
C:\Users\MTC\Desktop\PETNER_project(진행중)\PETNER_project\Debug\link.write.1.tlog
C:\USERS\MTC\DESKTOP\PETNER_PROJECT(진행중)\PETNER_PROJECT\DEBUG\MAIN.OBJ
C:\Users\MTC\Desktop\PETNER_project(진행중)\PETNER_project\Debug\mt.command.1.tlog
C:\Users\MTC\Desktop\PETNER_project(진행중)\PETNER_project\Debug\mt.read.1.tlog
C:\Users\MTC\Desktop\PETNER_project(진행중)\PETNER_project\Debug\mt.write.1.tlog
C:\USERS\MTC\DESKTOP\PETNER_PROJECT(진행중)\PETNER_PROJECT\DEBUG\PETNER_PROJECT.EXE.INTERMEDIATE.MANIFEST
C:\Users\MTC\Desktop\PETNER_project(진행중)\PETNER_project\Debug\PETNER_project.vcxprojResolveAssemblyReference.cache
C:\Users\MTC\Desktop\PETNER_project(진행중)\PETNER_project\Debug\PETNER_project.write.1.tlog
C:\Users\MTC\Desktop\PETNER_project(진행중)\PETNER_project\Debug\vc100.idb
C:\USERS\MTC\DESKTOP\PETNER_PROJECT(진행중)\PETNER_PROJECT\DEBUG\VC100.PDB
