Build started 2016-06-28 오후 6:18:15.
     1>Project "C:\Users\MTC\Desktop\PETNER_project(진행중)\PETNER_project\PETNER_project.vcxproj" on node 2 (build target(s)).
     1>InitializeBuildStatus:
         Creating "Debug\PETNER_project.unsuccessfulbuild" because "AlwaysCreate" was specified.
       ClCompile:
         C:\Program Files (x86)\Microsoft Visual Studio 10.0\VC\bin\CL.exe /c /IC:\opencv\build\include /IC:\opencv\build\include\opencv /IC:\opencv\build\include\opencv2 /ZI /nologo /W3 /WX- /Od /Oy- /D WIN32 /D _DEBUG /D _CONSOLE /D _UNICODE /D UNICODE /Gm /EHsc /RTC1 /MDd /GS /fp:precise /Zc:wchar_t /Zc:forScope /Fo"Debug\\" /Fd"Debug\vc100.pdb" /Gd /TP /analyze- /errorReport:prompt main.cpp
         main.cpp
     1>c:\opencv\build\include\opencv2\flann\dist.h : warning C4819: 현재 코드 페이지(949)에서 표시할 수 없는 문자가 파일에 들어 있습니다. 데이터가 손실되지 않게 하려면 해당 파일을 유니코드 형식으로 저장하십시오.
     1>c:\opencv\build\include\opencv2\flann\dist.h : warning C4819: 현재 코드 페이지(949)에서 표시할 수 없는 문자가 파일에 들어 있습니다. 데이터가 손실되지 않게 하려면 해당 파일을 유니코드 형식으로 저장하십시오.
     1>c:\opencv\build\include\opencv2\flann\dist.h : warning C4819: 현재 코드 페이지(949)에서 표시할 수 없는 문자가 파일에 들어 있습니다. 데이터가 손실되지 않게 하려면 해당 파일을 유니코드 형식으로 저장하십시오.
     1>c:\opencv\build\include\opencv2\flann\dist.h : warning C4819: 현재 코드 페이지(949)에서 표시할 수 없는 문자가 파일에 들어 있습니다. 데이터가 손실되지 않게 하려면 해당 파일을 유니코드 형식으로 저장하십시오.
     1>c:\users\mtc\desktop\petner_project(진행중)\petner_project\main.cpp(19): warning C4305: '초기화 중' : 'double'에서 'float'(으)로 잘립니다.
     1>c:\users\mtc\desktop\petner_project(진행중)\petner_project\main.cpp(20): warning C4305: '초기화 중' : 'double'에서 'float'(으)로 잘립니다.
     1>c:\users\mtc\desktop\petner_project(진행중)\petner_project\main.cpp(21): warning C4305: '초기화 중' : 'double'에서 'float'(으)로 잘립니다.
     1>c:\users\mtc\desktop\petner_project(진행중)\petner_project\main.cpp(22): warning C4305: '초기화 중' : 'double'에서 'float'(으)로 잘립니다.
     1>c:\users\mtc\desktop\petner_project(진행중)\petner_project\main.cpp(72): warning C4305: '초기화 중' : 'double'에서 'float'(으)로 잘립니다.
     1>c:\users\mtc\desktop\petner_project(진행중)\petner_project\main.cpp(220): warning C4244: '초기화 중' : 'int'에서 'float'(으)로 변환하면서 데이터가 손실될 수 있습니다.
     1>c:\users\mtc\desktop\petner_project(진행중)\petner_project\main.cpp(386): warning C4244: '초기화 중' : 'int'에서 'float'(으)로 변환하면서 데이터가 손실될 수 있습니다.
     1>c:\users\mtc\desktop\petner_project(진행중)\petner_project\main.cpp(424): warning C4244: '=' : 'double'에서 'float'(으)로 변환하면서 데이터가 손실될 수 있습니다.
     1>c:\users\mtc\desktop\petner_project(진행중)\petner_project\main.cpp(476): warning C4244: '초기화 중' : 'int'에서 'float'(으)로 변환하면서 데이터가 손실될 수 있습니다.
     1>c:\users\mtc\desktop\petner_project(진행중)\petner_project\main.cpp(476): warning C4244: '초기화 중' : 'int'에서 'float'(으)로 변환하면서 데이터가 손실될 수 있습니다.
     1>c:\users\mtc\desktop\petner_project(진행중)\petner_project\main.cpp(477): warning C4244: '초기화 중' : 'int'에서 'float'(으)로 변환하면서 데이터가 손실될 수 있습니다.
     1>c:\users\mtc\desktop\petner_project(진행중)\petner_project\main.cpp(477): warning C4244: '초기화 중' : 'int'에서 'float'(으)로 변환하면서 데이터가 손실될 수 있습니다.
     1>c:\users\mtc\desktop\petner_project(진행중)\petner_project\main.cpp(485): warning C4244: '=' : 'float'에서 'int'(으)로 변환하면서 데이터가 손실될 수 있습니다.
     1>c:\users\mtc\desktop\petner_project(진행중)\petner_project\main.cpp(487): warning C4244: '=' : 'float'에서 'int'(으)로 변환하면서 데이터가 손실될 수 있습니다.
     1>c:\users\mtc\desktop\petner_project(진행중)\petner_project\main.cpp(611): warning C4244: '인수' : 'int'에서 'float'(으)로 변환하면서 데이터가 손실될 수 있습니다.
     1>c:\users\mtc\desktop\petner_project(진행중)\petner_project\main.cpp(611): warning C4244: '인수' : 'int'에서 'float'(으)로 변환하면서 데이터가 손실될 수 있습니다.
     1>c:\users\mtc\desktop\petner_project(진행중)\petner_project\main.cpp(611): warning C4244: '인수' : 'int'에서 'float'(으)로 변환하면서 데이터가 손실될 수 있습니다.
     1>c:\users\mtc\desktop\petner_project(진행중)\petner_project\main.cpp(611): warning C4244: '인수' : 'int'에서 'float'(으)로 변환하면서 데이터가 손실될 수 있습니다.
     1>c:\users\mtc\desktop\petner_project(진행중)\petner_project\main.cpp(612): warning C4244: '인수' : 'int'에서 'float'(으)로 변환하면서 데이터가 손실될 수 있습니다.
     1>c:\users\mtc\desktop\petner_project(진행중)\petner_project\main.cpp(612): warning C4244: '인수' : 'int'에서 'float'(으)로 변환하면서 데이터가 손실될 수 있습니다.
     1>c:\users\mtc\desktop\petner_project(진행중)\petner_project\main.cpp(612): warning C4244: '인수' : 'int'에서 'float'(으)로 변환하면서 데이터가 손실될 수 있습니다.
     1>c:\users\mtc\desktop\petner_project(진행중)\petner_project\main.cpp(612): warning C4244: '인수' : 'int'에서 'float'(으)로 변환하면서 데이터가 손실될 수 있습니다.
     1>c:\users\mtc\desktop\petner_project(진행중)\petner_project\main.cpp(644): warning C4244: '초기화 중' : 'double'에서 'float'(으)로 변환하면서 데이터가 손실될 수 있습니다.
     1>c:\users\mtc\desktop\petner_project(진행중)\petner_project\main.cpp(744): warning C4996: 'itoa': The POSIX name for this item is deprecated. Instead, use the ISO C++ conformant name: _itoa. See online help for details.
                 c:\program files (x86)\microsoft visual studio 10.0\vc\include\stdlib.h(867) : 'itoa' 선언을 참조하십시오.
     1>c:\users\mtc\desktop\petner_project(진행중)\petner_project\main.cpp(804): warning C4244: '초기화 중' : 'double'에서 'float'(으)로 변환하면서 데이터가 손실될 수 있습니다.
     1>c:\users\mtc\desktop\petner_project(진행중)\petner_project\main.cpp(904): warning C4244: '초기화 중' : 'double'에서 'float'(으)로 변환하면서 데이터가 손실될 수 있습니다.
       Link:
         C:\Program Files (x86)\Microsoft Visual Studio 10.0\VC\bin\link.exe /ERRORREPORT:PROMPT /OUT:"C:\Users\MTC\Desktop\PETNER_project(진행중)\Debug\PETNER_project.exe" /INCREMENTAL /NOLOGO /LIBPATH:C:\opencv\build\x86\vc10\lib opencv_calib3d2410d.lib opencv_contrib2410d.lib opencv_core2410d.lib opencv_features2d2410d.lib opencv_flann2410d.lib opencv_gpu2410d.lib opencv_highgui2410d.lib opencv_imgproc2410d.lib opencv_legacy2410d.lib opencv_ml2410d.lib opencv_nonfree2410d.lib opencv_objdetect2410d.lib opencv_ocl2410d.lib opencv_photo2410d.lib opencv_stitching2410d.lib opencv_superres2410d.lib opencv_ts2410d.lib opencv_video2410d.lib opencv_videostab2410d.lib kernel32.lib user32.lib gdi32.lib winspool.lib comdlg32.lib advapi32.lib shell32.lib ole32.lib oleaut32.lib uuid.lib odbc32.lib odbccp32.lib /MANIFEST /ManifestFile:"Debug\PETNER_project.exe.intermediate.manifest" /MANIFESTUAC:"level='asInvoker' uiAccess='false'" /DEBUG /PDB:"C:\Users\MTC\Desktop\PETNER_project(진행중)\Debug\PETNER_project.pdb" /SUBSYSTEM:CONSOLE /TLBID:1 /DYNAMICBASE /NXCOMPAT /IMPLIB:"C:\Users\MTC\Desktop\PETNER_project(진행중)\Debug\PETNER_project.lib" /MACHINE:X86 Debug\main.obj
         PETNER_project.vcxproj -> C:\Users\MTC\Desktop\PETNER_project(진행중)\Debug\PETNER_project.exe
       Manifest:
         C:\Program Files (x86)\Microsoft SDKs\Windows\v7.0A\bin\mt.exe /nologo /verbose /out:"C:\Users\MTC\Desktop\PETNER_project(진행중)\Debug\PETNER_project.exe.manifest" /manifest Debug\PETNER_project.exe.intermediate.manifest
       FinalizeBuildStatus:
         Deleting file "Debug\PETNER_project.unsuccessfulbuild".
         Touching "Debug\PETNER_project.lastbuildstate".
     1>Done Building Project "C:\Users\MTC\Desktop\PETNER_project(진행중)\PETNER_project\PETNER_project.vcxproj" (build target(s)).

빌드했습니다.

Time Elapsed 00:00:08.62
